<?xml version="1.0" encoding="UTF-8"?>
<!-- Generated by org.testng.reporters.JUnitReportReporter -->
<testsuite skipped="0" hostname="BBMDVMIMUD.local" name="PracticeProgramsCoreJava.ParenthesisBalance" tests="1" failures="0" timestamp="2021-02-23T22:37:31 ICT" time="0.005" errors="0">
  <testcase name="ParenthesisBalancecheck" time="0.005" classname="PracticeProgramsCoreJava.ParenthesisBalance"/>
  <system-out/>
</testsuite> <!-- PracticeProgramsCoreJava.ParenthesisBalance -->
