<?xml version="1.0" encoding="UTF-8"?>
<!-- Generated by org.testng.reporters.JUnitReportReporter -->
<testsuite skipped="1" hostname="BBMDVMIMUD.local" name="PracticeProgramsCoreJava.StringOperations" tests="2" failures="0" timestamp="2021-02-15T22:49:48 ICT" time="9.618" errors="0">
  <testcase name="avoidDuplicateChar" time="9.618" classname="PracticeProgramsCoreJava.StringOperations"/>
  <system-out/>
  <testcase name="stringReverse" classname="PracticeProgramsCoreJava.StringOperations">
    <skipped/>
  </testcase> <!-- stringReverse -->
  <system-out/>
</testsuite> <!-- PracticeProgramsCoreJava.StringOperations -->
