<?xml version="1.0" encoding="UTF-8"?>
<!-- Generated by org.testng.reporters.JUnitReportReporter -->
<testsuite skipped="0" hostname="BBMDVMIMUD.local" name="PracticeProgramsCoreJava.MapPrograms" tests="1" failures="0" timestamp="2021-03-30T21:11:56 ICT" time="0.008" errors="0">
  <testcase name="findDuplicateString" time="0.008" classname="PracticeProgramsCoreJava.MapPrograms"/>
  <system-out/>
</testsuite> <!-- PracticeProgramsCoreJava.MapPrograms -->
