<?xml version="1.0" encoding="UTF-8"?>
<!-- Generated by org.testng.reporters.JUnitReportReporter -->
<testsuite skipped="0" hostname="BBMDVMIMUD.local" name="pojoClassConcept.TestPojoSerialization" tests="1" failures="0" timestamp="2021-04-16T13:10:29 ICT" time="4.403" errors="0">
  <testcase name="createOrderKPMG" time="4.403" classname="pojoClassConcept.TestPojoSerialization"/>
  <system-out/>
</testsuite> <!-- pojoClassConcept.TestPojoSerialization -->
