<?xml version="1.0" encoding="UTF-8"?>
<!-- Generated by org.testng.reporters.JUnitReportReporter -->
<testsuite skipped="0" hostname="BBMDVMIMUD.local" name="PracticeProgramsCoreJava.StringOperations" tests="2" failures="0" timestamp="2021-04-16T21:34:04 ICT" time="0.007" errors="0">
  <testcase name="stringReverse" time="0.001" classname="PracticeProgramsCoreJava.StringOperations"/>
  <system-out/>
  <testcase name="avoidDuplicateChar" time="0.006" classname="PracticeProgramsCoreJava.StringOperations"/>
  <system-out/>
</testsuite> <!-- PracticeProgramsCoreJava.StringOperations -->
