<?xml version="1.0" encoding="UTF-8"?>
<!-- Generated by org.testng.reporters.JUnitReportReporter -->
<testsuite name="PracticeRestAssured.MimuPracticeAPI.ResetOTPLimit" tests="1" time="1.772" ignored="0" failures="0" timestamp="07 Sep 2020 05:18:17 GMT" skipped="0" hostname="BBMDVMIMUD.local" errors="0">
  <testcase name="testCase_01" time="1.772" classname="PracticeRestAssured.MimuPracticeAPI.ResetOTPLimit"/>
</testsuite> <!-- PracticeRestAssured.MimuPracticeAPI.ResetOTPLimit -->
