<?xml version="1.0" encoding="UTF-8"?>
<!-- Generated by org.testng.reporters.JUnitReportReporter -->
<testsuite skipped="1" hostname="BBMDVMIMUD.local" name="PracticeProgramsCoreJava.InterviewQuestion" tests="2" failures="0" timestamp="2021-02-27T22:16:34 ICT" time="0.009" errors="0">
  <testcase name="questionTwo" time="0.009" classname="PracticeProgramsCoreJava.InterviewQuestion"/>
  <system-out/>
  <testcase name="questionOne" classname="PracticeProgramsCoreJava.InterviewQuestion">
    <skipped/>
  </testcase> <!-- questionOne -->
  <system-out/>
</testsuite> <!-- PracticeProgramsCoreJava.InterviewQuestion -->
