<?xml version="1.0" encoding="UTF-8"?>
<!-- Generated by org.testng.reporters.JUnitReportReporter -->
<testsuite skipped="0" hostname="BBMDVMIMUD.local" name="PracticeProgramsCoreJava.MapPrograms" tests="1" failures="0" timestamp="2021-02-16T22:10:43 ICT" time="0.007" errors="0">
  <testcase name="findDuplicateString" time="0.007" classname="PracticeProgramsCoreJava.MapPrograms"/>
  <system-out/>
</testsuite> <!-- PracticeProgramsCoreJava.MapPrograms -->
