<?xml version="1.0" encoding="UTF-8"?>
<!-- Generated by org.testng.reporters.JUnitReportReporter -->
<testsuite skipped="0" hostname="BBMDVMIMUD.local" name="pojoClassConcept.TestUsingSpecBuilder" tests="1" failures="0" timestamp="2021-04-16T19:36:43 ICT" time="2.951" errors="0">
  <testcase name="createOrderKPMG" time="2.951" classname="pojoClassConcept.TestUsingSpecBuilder"/>
  <system-out/>
</testsuite> <!-- pojoClassConcept.TestUsingSpecBuilder -->
