<?xml version="1.0" encoding="UTF-8"?>
<!-- Generated by org.testng.reporters.JUnitReportReporter -->
<testsuite skipped="1" hostname="BBMDVMIMUD.local" name="PracticeProgramsCoreJava.PrimeNumber" tests="2" failures="0" timestamp="2021-02-15T12:55:50 ICT" time="0.006" errors="0">
  <testcase name="isPrime" time="0.006" classname="PracticeProgramsCoreJava.PrimeNumber"/>
  <system-out/>
  <testcase name="findPrime" classname="PracticeProgramsCoreJava.PrimeNumber">
    <skipped/>
  </testcase> <!-- findPrime -->
  <system-out/>
</testsuite> <!-- PracticeProgramsCoreJava.PrimeNumber -->
